#
# There is insufficient memory for the Java Runtime Environment to continue.
# Native memory allocation (mmap) failed to map 268435456 bytes for G1 virtual space
# Possible reasons:
#   The system is out of physical RAM or swap space
#   The process is running with CompressedOops enabled, and the Java Heap may be blocking the growth of the native heap
# Possible solutions:
#   Reduce memory load on the system
#   Increase physical memory or swap space
#   Check if swap backing store is full
#   Decrease Java heap size (-Xmx/-Xms)
#   Decrease number of Java threads
#   Decrease Java thread stack sizes (-Xss)
#   Set larger code cache with -XX:ReservedCodeCacheSize=
#   JVM is running with Unscaled Compressed Oops mode in which the Java heap is
#     placed in the first 4GB address space. The Java Heap base address is the
#     maximum limit for the native heap growth. Please use -XX:HeapBaseMinAddress
#     to set the Java Heap base and to place the Java Heap above 4GB virtual address.
# This output file may be truncated or incomplete.
#
#  Out of Memory Error (os_windows.cpp:3548), pid=3568, tid=4192
#
# JRE version:  (17.0.12+8) (build )
# Java VM: Java HotSpot(TM) 64-Bit Server VM (17.0.12+8-LTS-286, mixed mode, sharing, tiered, compressed oops, compressed class ptrs, g1 gc, windows-amd64)
# No core dump will be written. Minidumps are not enabled by default on client versions of Windows
#

---------------  S U M M A R Y ------------

Command Line: --enable-native-access=ALL-UNNAMED -Xmx512m -Xms256m 

Host: Intel(R) Core(TM) Ultra 7 155H, 22 cores, 15G,  Windows 11 , 64 bit Build 26100 (10.0.26100.8246)
Time: Tue Apr 28 00:18:05 2026 India Standard Time elapsed time: 1.106424 seconds (0d 0h 0m 1s)

---------------  T H R E A D  ---------------

Current thread (0x0000015265d0dce0):  JavaThread "Unknown thread" [_thread_in_vm, id=4192, stack(0x00000001b8800000,0x00000001b8900000)]

Stack: [0x00000001b8800000,0x00000001b8900000]
Native frames: (J=compiled Java code, j=interpreted, Vv=VM code, C=native code)
V  [jvm.dll+0x67a04a]
V  [jvm.dll+0x7da4ed]
V  [jvm.dll+0x7dbe33]
V  [jvm.dll+0x7dc4a3]
V  [jvm.dll+0x24508f]
V  [jvm.dll+0x677089]
V  [jvm.dll+0x66bd32]
V  [jvm.dll+0x301fa6]
V  [jvm.dll+0x309546]
V  [jvm.dll+0x359d2e]
V  [jvm.dll+0x359f5f]
V  [jvm.dll+0x2d9078]
V  [jvm.dll+0x2d9fe4]
V  [jvm.dll+0x7aca21]
V  [jvm.dll+0x367591]
V  [jvm.dll+0x78b999]
V  [jvm.dll+0x3ec83f]
V  [jvm.dll+0x3ee471]
C  [jli.dll+0x5297]
C  [ucrtbase.dll+0x37b0]
C  [KERNEL32.DLL+0x2e8d7]
C  [ntdll.dll+0x8c3fc]


---------------  P R O C E S S  ---------------

Threads class SMR info:
_java_thread_list=0x00007ff8f85f7a18, length=0, elements={
}

Java Threads: ( => current thread )

Other Threads:
  0x0000015265d40590 GCTaskThread "GC Thread#0" [stack: 0x00000001b8900000,0x00000001b8a00000] [id=596]
  0x0000015265d454e0 ConcurrentGCThread "G1 Main Marker" [stack: 0x00000001b8a00000,0x00000001b8b00000] [id=30188]
  0x0000015265d46bc0 ConcurrentGCThread "G1 Conc#0" [stack: 0x00000001b8b00000,0x00000001b8c00000] [id=21828]

[error occurred during error reporting (printing all threads), id 0xc0000005, EXCEPTION_ACCESS_VIOLATION (0xc0000005) at pc=0x00007ff8f7e29b67]

VM state: not at safepoint (not fully initialized)

VM Mutex/Monitor currently owned by a thread:  ([mutex/lock_event])
[0x0000015265d09bb0] Heap_lock - owner thread: 0x0000015265d0dce0

Heap address: 0x00000000e0000000, size: 512 MB, Compressed Oops mode: 32-bit

CDS archive(s) mapped at: [0x0000000000000000-0x0000000000000000-0x0000000000000000), size 0, SharedBaseAddress: 0x0000000800000000, ArchiveRelocationMode: 1.
Narrow klass base: 0x0000000000000000, Narrow klass shift: 0, Narrow klass range: 0x0

GC Precious Log:
<Empty>

Heap:
 garbage-first heap   total 0K, used 0K [0x00000000e0000000, 0x0000000100000000)
  region size 1024K, 0 young (0K), 0 survivors (0K)

[error occurred during error reporting (printing heap information), id 0xc0000005, EXCEPTION_ACCESS_VIOLATION (0xc0000005) at pc=0x00007ff8f8213859]

GC Heap History (0 events):
No events

Deoptimization events (0 events):
No events

Classes unloaded (0 events):
No events

Classes redefined (0 events):
No events

Internal exceptions (0 events):
No events

VM Operations (0 events):
No events

Events (1 events):
Event: 0.015 Loaded shared library C:\Program Files\Java\jdk-17\bin\java.dll


Dynamic libraries:
0x00007ff737cf0000 - 0x00007ff737d00000 	C:\Program Files\Java\jdk-17\bin\java.exe
0x00007ff975b80000 - 0x00007ff975de7000 	C:\Windows\SYSTEM32\ntdll.dll
0x00007ff974370000 - 0x00007ff974439000 	C:\Windows\System32\KERNEL32.DLL
0x00007ff9734e0000 - 0x00007ff9738d4000 	C:\Windows\System32\KERNELBASE.dll
0x00007ff973390000 - 0x00007ff9734db000 	C:\Windows\System32\ucrtbase.dll
0x00007ff959070000 - 0x00007ff959089000 	C:\Program Files\Java\jdk-17\bin\jli.dll
0x00007ff973970000 - 0x00007ff973a26000 	C:\Windows\System32\ADVAPI32.dll
0x00007ff959050000 - 0x00007ff95906b000 	C:\Program Files\Java\jdk-17\bin\VCRUNTIME140.dll
0x00007ff9756e0000 - 0x00007ff975789000 	C:\Windows\System32\msvcrt.dll
0x00007ff973a60000 - 0x00007ff973b07000 	C:\Windows\System32\sechost.dll
0x00007ff9755c0000 - 0x00007ff9756d8000 	C:\Windows\System32\RPCRT4.dll
0x00007ff9757f0000 - 0x00007ff9759b5000 	C:\Windows\System32\USER32.dll
0x00007ff9738e0000 - 0x00007ff973907000 	C:\Windows\System32\win32u.dll
0x00007ff973a30000 - 0x00007ff973a5b000 	C:\Windows\System32\GDI32.dll
0x00007ff95d4a0000 - 0x00007ff95d733000 	C:\Windows\WinSxS\amd64_microsoft.windows.common-controls_6595b64144ccf1df_6.0.26100.8115_none_3e075c82e3354f9c\COMCTL32.dll
0x00007ff972d80000 - 0x00007ff972eab000 	C:\Windows\System32\gdi32full.dll
0x00007ff973030000 - 0x00007ff9730d3000 	C:\Windows\System32\msvcp_win.dll
0x00007ff961d50000 - 0x00007ff961d5b000 	C:\Windows\SYSTEM32\VERSION.dll
0x00007ff975790000 - 0x00007ff9757c2000 	C:\Windows\System32\IMM32.DLL
0x00007ff95b730000 - 0x00007ff95b73c000 	C:\Program Files\Java\jdk-17\bin\vcruntime140_1.dll
0x00007ff958480000 - 0x00007ff95850e000 	C:\Program Files\Java\jdk-17\bin\msvcp140.dll
0x00007ff8f7b40000 - 0x00007ff8f8720000 	C:\Program Files\Java\jdk-17\bin\server\jvm.dll
0x00007ff974140000 - 0x00007ff974148000 	C:\Windows\System32\PSAPI.DLL
0x00007ff95b740000 - 0x00007ff95b74a000 	C:\Windows\SYSTEM32\WSOCK32.dll
0x00007ff974db0000 - 0x00007ff974e30000 	C:\Windows\System32\WS2_32.dll
0x00007ff96f5d0000 - 0x00007ff96f606000 	C:\Windows\SYSTEM32\WINMM.dll
0x00007ff9711b0000 - 0x00007ff9711cb000 	C:\Windows\SYSTEM32\kernel.appcore.dll
0x00007ff959210000 - 0x00007ff95921a000 	C:\Program Files\Java\jdk-17\bin\jimage.dll
0x00007ff970260000 - 0x00007ff9704a2000 	C:\Windows\SYSTEM32\DBGHELP.DLL
0x00007ff974440000 - 0x00007ff9747c2000 	C:\Windows\System32\combase.dll
0x00007ff9747d0000 - 0x00007ff9748a8000 	C:\Windows\System32\OLEAUT32.dll
0x00007ff94e5c0000 - 0x00007ff94e5fb000 	C:\Windows\SYSTEM32\dbgcore.DLL
0x00007ff9732e0000 - 0x00007ff973385000 	C:\Windows\System32\bcryptPrimitives.dll
0x00007ff958ff0000 - 0x00007ff959015000 	C:\Program Files\Java\jdk-17\bin\java.dll

dbghelp: loaded successfully - version: 4.0.5 - missing functions: none
symbol engine: initialized successfully - sym options: 0x614 - pdb path: .;C:\Program Files\Java\jdk-17\bin;C:\Windows\SYSTEM32;C:\Windows\WinSxS\amd64_microsoft.windows.common-controls_6595b64144ccf1df_6.0.26100.8115_none_3e075c82e3354f9c;C:\Program Files\Java\jdk-17\bin\server

VM Arguments:
jvm_args: --enable-native-access=ALL-UNNAMED -Xmx512m -Xms256m 
java_command: <unknown>
java_class_path (initial): <not set>
Launcher Type: SUN_STANDARD

[Global flags]
     intx CICompilerCount                          = 12                                        {product} {ergonomic}
     uint ConcGCThreads                            = 4                                         {product} {ergonomic}
     uint G1ConcRefinementThreads                  = 16                                        {product} {ergonomic}
   size_t G1HeapRegionSize                         = 1048576                                   {product} {ergonomic}
    uintx GCDrainStackTargetSize                   = 64                                        {product} {ergonomic}
   size_t InitialHeapSize                          = 268435456                                 {product} {command line}
   size_t MarkStackSize                            = 4194304                                   {product} {ergonomic}
   size_t MaxHeapSize                              = 536870912                                 {product} {command line}
   size_t MinHeapDeltaBytes                        = 1048576                                   {product} {ergonomic}
   size_t MinHeapSize                              = 268435456                                 {product} {command line}
    uintx NonNMethodCodeHeapSize                   = 7602480                                {pd product} {ergonomic}
    uintx NonProfiledCodeHeapSize                  = 122027880                              {pd product} {ergonomic}
    uintx ProfiledCodeHeapSize                     = 122027880                              {pd product} {ergonomic}
    uintx ReservedCodeCacheSize                    = 251658240                              {pd product} {ergonomic}
     bool SegmentedCodeCache                       = true                                      {product} {ergonomic}
   size_t SoftMaxHeapSize                          = 536870912                              {manageable} {ergonomic}
     bool UseCompressedClassPointers               = true                           {product lp64_product} {ergonomic}
     bool UseCompressedOops                        = true                           {product lp64_product} {ergonomic}
     bool UseG1GC                                  = true                                      {product} {ergonomic}
     bool UseLargePagesIndividualAllocation        = false                                  {pd product} {ergonomic}

Logging:
Log output configuration:
 #0: stdout all=warning uptime,level,tags
 #1: stderr all=off uptime,level,tags

Environment Variables:
JAVA_HOME=C:\Program Files\Java\jdk-17
_JAVA_OPTIONS=-Xmx512m -Xms256m
PATH=C:\Program Files\Eclipse Adoptium\jdk-25.0.1.8-hotspot\bin;%PATH%;C:\Program Files\Apache\apache-maven-3.9.11\bin;C:\Program Files\nodejs\;C:\Program Files\Go\bin;C:\Windows\System32\WindowsPowerShell\v1.0\;C:\Users\sphsa\AppData\Local\Programs\Python\Python313\Scripts\;C:\Users\sphsa\AppData\Local\Programs\Python\Python313\;C:\Users\sphsa\AppData\Local\Programs\Python\Launcher\;C:\MinGW\bin;C:\Users\sphsa\AppData\Local\Microsoft\WindowsApps;C:\Users\sphsa\AppData\Local\Programs\Microsoft VS Code\bin;C:\flutter\bin;C:\Users\sphsa\AppData\Roaming\npm;C:\Users\sphsa\go\bin;C:\Users\sphsa\AppData\Local\Programs\Antigravity\bin
USERNAME=sphsa
OS=Windows_NT
PROCESSOR_IDENTIFIER=Intel64 Family 6 Model 170 Stepping 4, GenuineIntel



---------------  S Y S T E M  ---------------

OS:
 Windows 11 , 64 bit Build 26100 (10.0.26100.8246)
OS uptime: 0 days 11:06 hours
Hyper-V role detected

CPU: total 22 (initial active 22) (11 cores per cpu, 2 threads per core) family 6 model 170 stepping 4 microcode 0x24, cx8, cmov, fxsr, ht, mmx, 3dnowpref, sse, sse2, sse3, ssse3, sse4.1, sse4.2, popcnt, lzcnt, tsc, tscinvbit, avx, avx2, aes, erms, clmul, bmi1, bmi2, adx, sha, fma, vzeroupper, clflush, clflushopt, clwb, hv

Memory: 4k page, system-wide physical 15805M (2112M free)
TotalPageFile size 23997M (AvailPageFile size 249M)
current process WorkingSet (physical memory assigned to process): 12M, peak: 12M
current process commit charge ("private bytes"): 76M, peak: 332M

vm_info: Java HotSpot(TM) 64-Bit Server VM (17.0.12+8-LTS-286) for windows-amd64 JRE (17.0.12+8-LTS-286), built on Jun  5 2024 06:46:59 by "mach5one" with MS VC++ 17.6 (VS2022)

END.
